log: 2025-10-23 20:52:26,028 | ERROR | init.py:70 | 11326 >>> camera must properly connected and powered on
Traceback (most recent call last):
  File "/home/carter/main/orion-astrophotography-camera-control/program-files/init.py", line 67, in run
    system_check()
  File "/home/carter/main/orion-astrophotography-camera-control/program-files/init.py", line 34, in system_check
    result = camera.test()
             ^^^^^^^^^^^^^
  File "/home/carter/main/orion-astrophotography-camera-control/program-files/camera.py", line 22, in test
    raise CameraError("camera must properly connected and powered on")
camera.CameraError: camera must properly connected and powered on
log: 2026-01-08 22:31:43,609 | ERROR | init.py:70 | 1622 >>> camera must properly connected and powered on
Traceback (most recent call last):
  File "/home/carter/main/orion-astrophotography-camera-control/program-files/init.py", line 67, in run
    system_check()
  File "/home/carter/main/orion-astrophotography-camera-control/program-files/init.py", line 34, in system_check
    result = camera.test()
             ^^^^^^^^^^^^^
  File "/home/carter/main/orion-astrophotography-camera-control/program-files/camera.py", line 22, in test
    raise CameraError("camera must properly connected and powered on")
camera.CameraError: camera must properly connected and powered on
log: 2026-01-09 17:41:18,463 | ERROR | init.py:70 | 614 >>> camera must properly connected and powered on
Traceback (most recent call last):
  File "/home/carter/main/orion-astrophotography-camera-control/program-files/init.py", line 67, in run
    system_check()
  File "/home/carter/main/orion-astrophotography-camera-control/program-files/init.py", line 34, in system_check
    result = camera.test()
             ^^^^^^^^^^^^^
  File "/home/carter/main/orion-astrophotography-camera-control/program-files/camera.py", line 22, in test
    raise CameraError("camera must properly connected and powered on")
camera.CameraError: camera must properly connected and powered on
